  [1m[35m (2748.6ms)[0m  [1m[35mCREATE DATABASE "twittter_development" ENCODING = 'unicode'[0m
  [1m[35m (1822.0ms)[0m  [1m[35mCREATE DATABASE "twittter_test" ENCODING = 'unicode'[0m
  [1m[35m (223.9ms)[0m  [1m[35mCREATE TABLE "schema_migrations" ("version" character varying NOT NULL PRIMARY KEY)[0m
  [1m[35m (147.7ms)[0m  [1m[35mCREATE TABLE "ar_internal_metadata" ("key" character varying NOT NULL PRIMARY KEY, "value" character varying, "created_at" timestamp(6) NOT NULL, "updated_at" timestamp(6) NOT NULL)[0m
  [1m[35m (0.4ms)[0m  [1m[34mSELECT pg_try_advisory_lock(150862528989107565)[0m
  [1m[35m (0.7ms)[0m  [1m[34mSELECT "schema_migrations"."version" FROM "schema_migrations" ORDER BY "schema_migrations"."version" ASC[0m
Migrating to CreateTweeets (20211004153305)
  [1m[36mTRANSACTION (0.4ms)[0m  [1m[35mBEGIN[0m
  [1m[35m (157.5ms)[0m  [1m[35mCREATE TABLE "tweeets" ("id" bigserial primary key, "tweeet" text, "created_at" timestamp(6) NOT NULL, "updated_at" timestamp(6) NOT NULL)[0m
  [1m[36mActiveRecord::SchemaMigration Create (1.0ms)[0m  [1m[32mINSERT INTO "schema_migrations" ("version") VALUES ($1) RETURNING "version"[0m  [["version", "20211004153305"]]
  [1m[36mTRANSACTION (31.0ms)[0m  [1m[35mCOMMIT[0m
  [1m[36mActiveRecord::InternalMetadata Load (0.6ms)[0m  [1m[34mSELECT "ar_internal_metadata".* FROM "ar_internal_metadata" WHERE "ar_internal_metadata"."key" = $1 LIMIT $2[0m  [["key", "environment"], ["LIMIT", 1]]
  [1m[36mTRANSACTION (0.3ms)[0m  [1m[35mBEGIN[0m
  [1m[36mActiveRecord::InternalMetadata Create (0.8ms)[0m  [1m[32mINSERT INTO "ar_internal_metadata" ("key", "value", "created_at", "updated_at") VALUES ($1, $2, $3, $4) RETURNING "key"[0m  [["key", "environment"], ["value", "development"], ["created_at", "2021-10-04 15:35:43.685149"], ["updated_at", "2021-10-04 15:35:43.685149"]]
  [1m[36mTRANSACTION (58.0ms)[0m  [1m[35mCOMMIT[0m
  [1m[35m (0.8ms)[0m  [1m[34mSELECT pg_advisory_unlock(150862528989107565)[0m
  [1m[35m (1.5ms)[0m  [1m[34mSELECT "schema_migrations"."version" FROM "schema_migrations" ORDER BY "schema_migrations"."version" ASC[0m
Started GET "/" for ::1 at 2021-10-04 17:39:05 +0200
Started GET "/" for ::1 at 2021-10-04 17:39:05 +0200
  [1m[35m (1.6ms)[0m  [1m[34mSELECT "schema_migrations"."version" FROM "schema_migrations" ORDER BY "schema_migrations"."version" ASC[0m
Processing by Rails::WelcomeController#index as HTML
Processing by Rails::WelcomeController#index as HTML
  Rendering /home/elarabyelaidy/.rvm/gems/ruby-3.0.0/gems/railties-6.1.4.1/lib/rails/templates/rails/welcome/index.html.erb
  Rendering /home/elarabyelaidy/.rvm/gems/ruby-3.0.0/gems/railties-6.1.4.1/lib/rails/templates/rails/welcome/index.html.erb
  Rendered /home/elarabyelaidy/.rvm/gems/ruby-3.0.0/gems/railties-6.1.4.1/lib/rails/templates/rails/welcome/index.html.erb (Duration: 98.3ms | Allocations: 526)
  Rendered /home/elarabyelaidy/.rvm/gems/ruby-3.0.0/gems/railties-6.1.4.1/lib/rails/templates/rails/welcome/index.html.erb (Duration: 39.0ms | Allocations: 356)
Completed 200 OK in 390ms (Views: 168.1ms | ActiveRecord: 0.0ms | Allocations: 4403)


Completed 200 OK in 414ms (Views: 172.3ms | ActiveRecord: 0.0ms | Allocations: 4633)


Started GET "/tweeets" for ::1 at 2021-10-04 17:39:35 +0200
Processing by TweeetsController#index as HTML
  Rendering layout layouts/application.html.erb
  Rendering tweeets/index.html.erb within layouts/application
  [1m[36mTweeet Load (48.0ms)[0m  [1m[34mSELECT "tweeets".* FROM "tweeets"[0m
  ↳ app/views/tweeets/index.html.erb:14
  Rendered tweeets/index.html.erb within layouts/application (Duration: 58.8ms | Allocations: 1400)
[Webpacker] Compiling...
[Webpacker] Compiled all packs in /mnt/f/github/KeepOnCoding/Rails/twittter/public/packs
[Webpacker] Hash: e2a8a876c5815bee1e21
Version: webpack 4.46.0
Time: 26453ms
Built at: 10/04/2021 5:40:20 PM
                                     Asset       Size       Chunks                         Chunk Names
    js/application-e421b4aa3f716bebdab1.js    125 KiB  application  [emitted] [immutable]  application
js/application-e421b4aa3f716bebdab1.js.map    139 KiB  application  [emitted] [dev]        application
                             manifest.json  364 bytes               [emitted]              
Entrypoint application = js/application-e421b4aa3f716bebdab1.js js/application-e421b4aa3f716bebdab1.js.map
[./app/javascript/channels sync recursive _channel\.js$] ./app/javascript/channels sync _channel\.js$ 160 bytes {application} [built]
[./app/javascript/channels/index.js] 211 bytes {application} [built]
[./app/javascript/packs/application.js] 492 bytes {application} [built]
[./node_modules/webpack/buildin/module.js] (webpack)/buildin/module.js 552 bytes {application} [built]
    + 3 hidden modules

  Rendered layout layouts/application.html.erb (Duration: 44585.3ms | Allocations: 18590)
Completed 200 OK in 44707ms (Views: 44576.5ms | ActiveRecord: 48.0ms | Allocations: 20390)


Started GET "/tweeets/new" for ::1 at 2021-10-04 17:40:30 +0200
Processing by TweeetsController#new as HTML
  Rendering layout layouts/application.html.erb
  Rendering tweeets/new.html.erb within layouts/application
  Rendered tweeets/_form.html.erb (Duration: 739.2ms | Allocations: 5376)
  Rendered tweeets/new.html.erb within layouts/application (Duration: 769.9ms | Allocations: 5754)
[Webpacker] Everything's up-to-date. Nothing to do
  Rendered layout layouts/application.html.erb (Duration: 1008.7ms | Allocations: 8562)
Completed 200 OK in 1095ms (Views: 1018.1ms | ActiveRecord: 18.4ms | Allocations: 12317)


Started POST "/tweeets" for ::1 at 2021-10-04 17:40:34 +0200
Processing by TweeetsController#create as HTML
  Parameters: {"authenticity_token"=>"[FILTERED]", "tweeet"=>{"tweeet"=>"aaaaaaaaa"}, "commit"=>"Create Tweeet"}
  [1m[36mTRANSACTION (2.0ms)[0m  [1m[35mBEGIN[0m
  ↳ app/controllers/tweeets_controller.rb:27:in `block in create'
  [1m[36mTweeet Create (3.8ms)[0m  [1m[32mINSERT INTO "tweeets" ("tweeet", "created_at", "updated_at") VALUES ($1, $2, $3) RETURNING "id"[0m  [["tweeet", "aaaaaaaaa"], ["created_at", "2021-10-04 15:40:34.474035"], ["updated_at", "2021-10-04 15:40:34.474035"]]
  ↳ app/controllers/tweeets_controller.rb:27:in `block in create'
  [1m[36mTRANSACTION (60.3ms)[0m  [1m[35mCOMMIT[0m
  ↳ app/controllers/tweeets_controller.rb:27:in `block in create'
Redirected to http://localhost:3000/tweeets/1
Completed 302 Found in 93ms (ActiveRecord: 66.1ms | Allocations: 3434)


Started GET "/tweeets/1" for ::1 at 2021-10-04 17:40:34 +0200
Processing by TweeetsController#show as HTML
  Parameters: {"id"=>"1"}
  [1m[36mTweeet Load (2.2ms)[0m  [1m[34mSELECT "tweeets".* FROM "tweeets" WHERE "tweeets"."id" = $1 LIMIT $2[0m  [["id", 1], ["LIMIT", 1]]
  ↳ app/controllers/tweeets_controller.rb:62:in `set_tweeet'
  Rendering layout layouts/application.html.erb
  Rendering tweeets/show.html.erb within layouts/application
  Rendered tweeets/show.html.erb within layouts/application (Duration: 7.5ms | Allocations: 256)
[Webpacker] Everything's up-to-date. Nothing to do
  Rendered layout layouts/application.html.erb (Duration: 244.8ms | Allocations: 3180)
Completed 200 OK in 302ms (Views: 247.1ms | ActiveRecord: 4.1ms | Allocations: 5204)


Started GET "/tweeets/1" for ::1 at 2021-10-04 17:42:11 +0200
  [1m[35m (2.4ms)[0m  [1m[34mSELECT "schema_migrations"."version" FROM "schema_migrations" ORDER BY "schema_migrations"."version" ASC[0m
Processing by TweeetsController#show as HTML
  Parameters: {"id"=>"1"}
  [1m[36mTweeet Load (1.4ms)[0m  [1m[34mSELECT "tweeets".* FROM "tweeets" WHERE "tweeets"."id" = $1 LIMIT $2[0m  [["id", 1], ["LIMIT", 1]]
  ↳ app/controllers/tweeets_controller.rb:62:in `set_tweeet'
  Rendering layout layouts/application.html.erb
  Rendering tweeets/show.html.erb within layouts/application
  Rendered tweeets/show.html.erb within layouts/application (Duration: 14.0ms | Allocations: 549)
[Webpacker] Everything's up-to-date. Nothing to do
  Rendered layout layouts/application.html.erb (Duration: 459.9ms | Allocations: 6322)
Completed 200 OK in 673ms (Views: 501.3ms | ActiveRecord: 28.6ms | Allocations: 14534)


Started GET "/" for ::1 at 2021-10-04 17:42:19 +0200
Processing by TweeetsController#index as HTML
  Rendering layout layouts/application.html.erb
  Rendering tweeets/index.html.erb within layouts/application
  [1m[36mTweeet Load (1.4ms)[0m  [1m[34mSELECT "tweeets".* FROM "tweeets"[0m
  ↳ app/views/tweeets/index.html.erb:14
  Rendered tweeets/index.html.erb within layouts/application (Duration: 15.3ms | Allocations: 1373)
[Webpacker] Everything's up-to-date. Nothing to do
  Rendered layout layouts/application.html.erb (Duration: 181.8ms | Allocations: 4293)
Completed 200 OK in 201ms (Views: 182.5ms | ActiveRecord: 1.4ms | Allocations: 4899)


Started GET "/tweeets/new" for ::1 at 2021-10-04 17:42:24 +0200
Processing by TweeetsController#new as HTML
  Rendering layout layouts/application.html.erb
  Rendering tweeets/new.html.erb within layouts/application
  Rendered tweeets/_form.html.erb (Duration: 192.7ms | Allocations: 4217)
  Rendered tweeets/new.html.erb within layouts/application (Duration: 221.9ms | Allocations: 4681)
[Webpacker] Everything's up-to-date. Nothing to do
  Rendered layout layouts/application.html.erb (Duration: 472.6ms | Allocations: 7503)
Completed 200 OK in 502ms (Views: 475.7ms | ActiveRecord: 0.0ms | Allocations: 8154)


Started POST "/tweeets" for ::1 at 2021-10-04 17:42:31 +0200
Processing by TweeetsController#create as HTML
  Parameters: {"authenticity_token"=>"[FILTERED]", "tweeet"=>{"tweeet"=>"second\r\n"}, "commit"=>"Create Tweeet"}
  [1m[36mTRANSACTION (1.1ms)[0m  [1m[35mBEGIN[0m
  ↳ app/controllers/tweeets_controller.rb:27:in `block in create'
  [1m[36mTweeet Create (4.4ms)[0m  [1m[32mINSERT INTO "tweeets" ("tweeet", "created_at", "updated_at") VALUES ($1, $2, $3) RETURNING "id"[0m  [["tweeet", "second\r\n"], ["created_at", "2021-10-04 15:42:31.855682"], ["updated_at", "2021-10-04 15:42:31.855682"]]
  ↳ app/controllers/tweeets_controller.rb:27:in `block in create'
  [1m[36mTRANSACTION (47.6ms)[0m  [1m[35mCOMMIT[0m
  ↳ app/controllers/tweeets_controller.rb:27:in `block in create'
Redirected to http://localhost:3000/tweeets/2
Completed 302 Found in 73ms (ActiveRecord: 53.1ms | Allocations: 3361)


Started GET "/tweeets/2" for ::1 at 2021-10-04 17:42:31 +0200
Processing by TweeetsController#show as HTML
  Parameters: {"id"=>"2"}
  [1m[36mTweeet Load (1.3ms)[0m  [1m[34mSELECT "tweeets".* FROM "tweeets" WHERE "tweeets"."id" = $1 LIMIT $2[0m  [["id", 2], ["LIMIT", 1]]
  ↳ app/controllers/tweeets_controller.rb:62:in `set_tweeet'
  Rendering layout layouts/application.html.erb
  Rendering tweeets/show.html.erb within layouts/application
  Rendered tweeets/show.html.erb within layouts/application (Duration: 1.7ms | Allocations: 112)
[Webpacker] Everything's up-to-date. Nothing to do
  Rendered layout layouts/application.html.erb (Duration: 201.2ms | Allocations: 3037)
Completed 200 OK in 212ms (Views: 203.1ms | ActiveRecord: 1.3ms | Allocations: 4194)


Started GET "/tweeets" for ::1 at 2021-10-04 17:42:39 +0200
Processing by TweeetsController#index as HTML
  Rendering layout layouts/application.html.erb
  Rendering tweeets/index.html.erb within layouts/application
  [1m[36mTweeet Load (1.1ms)[0m  [1m[34mSELECT "tweeets".* FROM "tweeets"[0m
  ↳ app/views/tweeets/index.html.erb:14
  Rendered tweeets/index.html.erb within layouts/application (Duration: 6.6ms | Allocations: 1108)
[Webpacker] Everything's up-to-date. Nothing to do
  Rendered layout layouts/application.html.erb (Duration: 215.1ms | Allocations: 4026)
Completed 200 OK in 219ms (Views: 215.8ms | ActiveRecord: 1.1ms | Allocations: 4484)


Started GET "/tweeets/1" for ::1 at 2021-10-04 17:49:17 +0200
  [1m[35m (2.2ms)[0m  [1m[34mSELECT "schema_migrations"."version" FROM "schema_migrations" ORDER BY "schema_migrations"."version" ASC[0m
Processing by TweeetsController#show as HTML
  Parameters: {"id"=>"1"}
  [1m[36mTweeet Load (1.4ms)[0m  [1m[34mSELECT "tweeets".* FROM "tweeets" WHERE "tweeets"."id" = $1 LIMIT $2[0m  [["id", 1], ["LIMIT", 1]]
  ↳ app/controllers/tweeets_controller.rb:62:in `set_tweeet'
  Rendering layout layouts/application.html.erb
  Rendering tweeets/show.html.erb within layouts/application
  Rendered tweeets/show.html.erb within layouts/application (Duration: 14.3ms | Allocations: 549)
[Webpacker] Everything's up-to-date. Nothing to do
  Rendered layout layouts/application.html.erb (Duration: 1654.1ms | Allocations: 29173)
Completed 200 OK in 1808ms (Views: 1692.0ms | ActiveRecord: 14.4ms | Allocations: 37581)


Started GET "/tweeets" for ::1 at 2021-10-04 17:49:22 +0200
Processing by TweeetsController#index as HTML
  Rendering layout layouts/application.html.erb
  Rendering tweeets/index.html.erb within layouts/application
  [1m[36mTweeet Load (2.5ms)[0m  [1m[34mSELECT "tweeets".* FROM "tweeets"[0m
  ↳ app/views/tweeets/index.html.erb:14
  Rendered tweeets/index.html.erb within layouts/application (Duration: 18.9ms | Allocations: 1484)
[Webpacker] Everything's up-to-date. Nothing to do
  Rendered layout layouts/application.html.erb (Duration: 240.2ms | Allocations: 5114)
Completed 200 OK in 260ms (Views: 239.4ms | ActiveRecord: 2.5ms | Allocations: 5720)


Started GET "/tweeets/1/edit" for ::1 at 2021-10-04 17:49:27 +0200
Processing by TweeetsController#edit as HTML
  Parameters: {"id"=>"1"}
  [1m[36mTweeet Load (2.3ms)[0m  [1m[34mSELECT "tweeets".* FROM "tweeets" WHERE "tweeets"."id" = $1 LIMIT $2[0m  [["id", 1], ["LIMIT", 1]]
  ↳ app/controllers/tweeets_controller.rb:62:in `set_tweeet'
  Rendering layout layouts/application.html.erb
  Rendering tweeets/edit.html.erb within layouts/application
  Rendered tweeets/_form.html.erb (Duration: 86.3ms | Allocations: 2395)
  Rendered tweeets/edit.html.erb within layouts/application (Duration: 115.2ms | Allocations: 2887)
[Webpacker] Everything's up-to-date. Nothing to do
  Rendered layout layouts/application.html.erb (Duration: 294.2ms | Allocations: 6495)
Completed 200 OK in 333ms (Views: 296.8ms | ActiveRecord: 2.3ms | Allocations: 7827)


Started GET "/tweeets/1" for ::1 at 2021-10-04 17:51:24 +0200
Processing by TweeetsController#show as HTML
  Parameters: {"id"=>"1"}
  [1m[36mTweeet Load (9.8ms)[0m  [1m[34mSELECT "tweeets".* FROM "tweeets" WHERE "tweeets"."id" = $1 LIMIT $2[0m  [["id", 1], ["LIMIT", 1]]
  ↳ app/controllers/tweeets_controller.rb:62:in `set_tweeet'
  Rendering layout layouts/application.html.erb
  Rendering tweeets/show.html.erb within layouts/application
  Rendered tweeets/show.html.erb within layouts/application (Duration: 0.9ms | Allocations: 108)
[Webpacker] Everything's up-to-date. Nothing to do
  Rendered layout layouts/application.html.erb (Duration: 240.3ms | Allocations: 3826)
Completed 200 OK in 263ms (Views: 244.0ms | ActiveRecord: 9.8ms | Allocations: 4997)


Started GET "/tweeets/1" for ::1 at 2021-10-04 18:07:17 +0200
  [1m[35m (2.4ms)[0m  [1m[34mSELECT "schema_migrations"."version" FROM "schema_migrations" ORDER BY "schema_migrations"."version" ASC[0m
Processing by TweeetsController#show as HTML
  Parameters: {"id"=>"1"}
  [1m[36mTweeet Load (1.6ms)[0m  [1m[34mSELECT "tweeets".* FROM "tweeets" WHERE "tweeets"."id" = $1 LIMIT $2[0m  [["id", 1], ["LIMIT", 1]]
  ↳ app/controllers/tweeets_controller.rb:62:in `set_tweeet'
  Rendering layout layouts/application.html.erb
  Rendering tweeets/show.html.erb within layouts/application
  Rendered tweeets/show.html.erb within layouts/application (Duration: 12.3ms | Allocations: 549)
[Webpacker] Everything's up-to-date. Nothing to do
  Rendered layout layouts/application.html.erb (Duration: 1664.4ms | Allocations: 14918)
Completed 200 OK in 1994ms (Views: 1842.8ms | ActiveRecord: 15.0ms | Allocations: 23342)


Started GET "/tweeets" for ::1 at 2021-10-04 18:07:25 +0200
Processing by TweeetsController#index as HTML
  Rendering layout layouts/application.html.erb
  Rendering tweeets/index.html.erb within layouts/application
  [1m[36mTweeet Load (2.5ms)[0m  [1m[34mSELECT "tweeets".* FROM "tweeets"[0m
  ↳ app/views/tweeets/index.html.erb:14
  Rendered tweeets/index.html.erb within layouts/application (Duration: 18.7ms | Allocations: 1484)
[Webpacker] Everything's up-to-date. Nothing to do
  Rendered layout layouts/application.html.erb (Duration: 205.2ms | Allocations: 5018)
Completed 200 OK in 226ms (Views: 209.5ms | ActiveRecord: 2.5ms | Allocations: 5624)


Started GET "/" for ::1 at 2021-10-05 20:31:21 +0200
  [1m[35m (25.3ms)[0m  [1m[34mSELECT "schema_migrations"."version" FROM "schema_migrations" ORDER BY "schema_migrations"."version" ASC[0m
Processing by TweeetsController#index as HTML
  Rendering layout layouts/application.html.erb
  Rendering tweeets/index.html.erb within layouts/application
  [1m[36mTweeet Load (48.4ms)[0m  [1m[34mSELECT "tweeets".* FROM "tweeets"[0m
  ↳ app/views/tweeets/index.html.erb:14
  Rendered tweeets/index.html.erb within layouts/application (Duration: 219.4ms | Allocations: 4777)
  Rendered layout layouts/application.html.erb (Duration: 276.7ms | Allocations: 8251)
Completed 500 Internal Server Error in 420ms (ActiveRecord: 72.7ms | Allocations: 11829)



ActionView::SyntaxErrorInTemplate - Encountered a syntax error while rendering template: check <!DOCTYPE html>
<html>
  <head>
    <title>Twittter</title>
    <meta name="viewport" content="width=device-width,initial-scale=1">
    <%= csrf_meta_tags %>
    <%= csp_meta_tag %>
    <%= stylesheet_link_tag 'application', media: 'all', 'data-turbolinks-track': 'reload' %>
    <%= javascript_pack_tag 'application', 'data-turbolinks-track': 'reload' %>
  </head>
  <body> 
    <% if flash[:notice] %> 
      <div class="notification is-primary global-notification">
  			<p class="notice"><%= notice %></p>
  		</div>
    <%end%>
    <% if flash[:alert] %> 
        <div class="notification is-danger global-notification"> 
          <p class="alert"><%= alert %>
        </div>
    <% end %> 
    <nav class="navbar is-info"> 
      <div class="navbar-brand">  
        <%= link_to root_path, class: "navbar-item"%> 
          <h1 class="title is-5">Twittter</h1>
        <% end %> 
        <div class="navbar-burger burger" data-target="navbarExample"> 
          <span></span> 
          <span></span>
          <span></span>
        </div>
      </div>
      <div class="navbar-menu" id="navbarExample"> 
        <div class="navbar-end"> 
          <div class="fiels is-grouped"> 
            <p class="control"> 
              <%= link_to 'New Tweet', new_tweeet_path, class: "button is-info is-inverted" %> 
            </p>
          </div>
        </div>
      </div>
    </nav>
    <%= yield %>
  </body>
</html>:

Started POST "/__better_errors/7116a4efe7af2957/variables" for ::1 at 2021-10-05 20:31:23 +0200
Started GET "/" for ::1 at 2021-10-05 20:34:51 +0200
Processing by TweeetsController#index as HTML
  Rendering layout layouts/application.html.erb
  Rendering tweeets/index.html.erb within layouts/application
  [1m[36mTweeet Load (1.6ms)[0m  [1m[34mSELECT "tweeets".* FROM "tweeets"[0m
  ↳ app/views/tweeets/index.html.erb:14
  Rendered tweeets/index.html.erb within layouts/application (Duration: 10.4ms | Allocations: 1092)
[Webpacker] Everything's up-to-date. Nothing to do
  Rendered layout layouts/application.html.erb (Duration: 2073.8ms | Allocations: 15910)
Completed 200 OK in 2078ms (Views: 2074.5ms | ActiveRecord: 1.6ms | Allocations: 16353)


Started GET "/" for ::1 at 2021-10-05 20:35:09 +0200
Processing by TweeetsController#index as HTML
  Rendering layout layouts/application.html.erb
  Rendering tweeets/index.html.erb within layouts/application
  [1m[36mTweeet Load (2.5ms)[0m  [1m[34mSELECT "tweeets".* FROM "tweeets"[0m
  ↳ app/views/tweeets/index.html.erb:14
  Rendered tweeets/index.html.erb within layouts/application (Duration: 19.2ms | Allocations: 1098)
[Webpacker] Everything's up-to-date. Nothing to do
  Rendered layout layouts/application.html.erb (Duration: 291.9ms | Allocations: 4768)
Completed 200 OK in 296ms (Views: 292.0ms | ActiveRecord: 2.5ms | Allocations: 5266)


Started GET "/" for ::1 at 2021-10-05 20:35:11 +0200
Processing by TweeetsController#index as HTML
  Rendering layout layouts/application.html.erb
  Rendering tweeets/index.html.erb within layouts/application
  [1m[36mTweeet Load (2.1ms)[0m  [1m[34mSELECT "tweeets".* FROM "tweeets"[0m
  ↳ app/views/tweeets/index.html.erb:14
  Rendered tweeets/index.html.erb within layouts/application (Duration: 13.7ms | Allocations: 1098)
[Webpacker] Everything's up-to-date. Nothing to do
  Rendered layout layouts/application.html.erb (Duration: 323.5ms | Allocations: 4748)
Completed 200 OK in 327ms (Views: 323.7ms | ActiveRecord: 2.1ms | Allocations: 5218)


Started GET "/" for ::1 at 2021-10-05 20:35:42 +0200
Processing by TweeetsController#index as HTML
  Rendering layout layouts/application.html.erb
  Rendering tweeets/index.html.erb within layouts/application
  [1m[36mTweeet Load (2.4ms)[0m  [1m[34mSELECT "tweeets".* FROM "tweeets"[0m
  ↳ app/views/tweeets/index.html.erb:14
  Rendered tweeets/index.html.erb within layouts/application (Duration: 143.5ms | Allocations: 1092)
[Webpacker] Everything's up-to-date. Nothing to do
  Rendered layout layouts/application.html.erb (Duration: 452.7ms | Allocations: 4739)
Completed 200 OK in 456ms (Views: 452.1ms | ActiveRecord: 2.4ms | Allocations: 5199)


Started GET "/" for ::1 at 2021-10-05 20:35:49 +0200
Processing by TweeetsController#index as HTML
  Rendering layout layouts/application.html.erb
  Rendering tweeets/index.html.erb within layouts/application
  [1m[36mTweeet Load (8.6ms)[0m  [1m[34mSELECT "tweeets".* FROM "tweeets"[0m
  ↳ app/views/tweeets/index.html.erb:14
  Rendered tweeets/index.html.erb within layouts/application (Duration: 30.8ms | Allocations: 1098)
[Webpacker] Everything's up-to-date. Nothing to do
  Rendered layout layouts/application.html.erb (Duration: 360.4ms | Allocations: 4748)
Completed 200 OK in 366ms (Views: 355.5ms | ActiveRecord: 8.6ms | Allocations: 5218)


Started GET "/" for ::1 at 2021-10-05 20:36:18 +0200
  [1m[35m (1.4ms)[0m  [1m[34mSELECT "schema_migrations"."version" FROM "schema_migrations" ORDER BY "schema_migrations"."version" ASC[0m
Processing by TweeetsController#index as HTML
  Rendering layout layouts/application.html.erb
  Rendering tweeets/index.html.erb within layouts/application
  [1m[36mTweeet Load (2.4ms)[0m  [1m[34mSELECT "tweeets".* FROM "tweeets"[0m
  ↳ app/views/tweeets/index.html.erb:14
  Rendered tweeets/index.html.erb within layouts/application (Duration: 36.3ms | Allocations: 5302)
  Rendered layout layouts/application.html.erb (Duration: 53.1ms | Allocations: 8785)
Completed 500 Internal Server Error in 147ms (ActiveRecord: 12.2ms | Allocations: 13530)



ActionView::SyntaxErrorInTemplate - Encountered a syntax error while rendering template: check <!DOCTYPE html>
<html>
  <head>
    <title>Twittter</title>
    <meta name="viewport" content="width=device-width,initial-scale=1">
    <%= csrf_meta_tags %>
    <%= csp_meta_tag %>
    <%= stylesheet_link_tag 'application', media: 'all', 'data-turbolinks-track': 'reload' %>
    <%= javascript_pack_tag 'application', 'data-turbolinks-track': 'reload' %>
  </head>
  <body> 
    <% if flash[:notice] %> 
      <div class="notification is-primary global-notification">
  			<p class="notice"><%= notice %></p>
  		</div>
    <%end%>
    <% if flash[:alert] %> 
        <div class="notification is-danger global-notification"> 
          <p class="alert"><%= alert %>
        </div>
    <% end %> 
    <nav class="navbar is-info"> 
      <div class="navbar-brand">  
        <%= link_to root_path, class: "navbar-item"%> 
          <h1 class="title is-5">Twittter</h1>
        <% end %> 
        <div class="navbar-burger burger" data-target="navbarExample"> 
          <span></span> 
          <span></span>
          <span></span>
        </div>
      </div>
      <div class="navbar-menu" id="navbarExample"> 
        <div class="navbar-end"> 
          <div class="fiels is-grouped"> 
            <p class="control"> 
              <%= link_to 'New Tweet', new_tweeet_path, class: "button is-info is-inverted" %> 
            </p>
          </div>
        </div>
      </div>
    </nav>
    <%= yield %>
  </body>
</html>:

Started POST "/__better_errors/474300d47da6168e/variables" for ::1 at 2021-10-05 20:36:19 +0200
Started GET "/" for ::1 at 2021-10-05 20:37:41 +0200
Processing by TweeetsController#index as HTML
  Rendering layout layouts/application.html.erb
  Rendering tweeets/index.html.erb within layouts/application
  [1m[36mTweeet Load (2.4ms)[0m  [1m[34mSELECT "tweeets".* FROM "tweeets"[0m
  ↳ app/views/tweeets/index.html.erb:14
  Rendered tweeets/index.html.erb within layouts/application (Duration: 11.9ms | Allocations: 1092)
[Webpacker] Everything's up-to-date. Nothing to do
  Rendered layout layouts/application.html.erb (Duration: 697.0ms | Allocations: 7454)
Completed 200 OK in 704ms (Views: 699.5ms | ActiveRecord: 2.4ms | Allocations: 7950)


Started GET "/" for ::1 at 2021-10-05 20:37:54 +0200
Processing by TweeetsController#index as HTML
  Rendering layout layouts/application.html.erb
  Rendering tweeets/index.html.erb within layouts/application
  [1m[36mTweeet Load (4.6ms)[0m  [1m[34mSELECT "tweeets".* FROM "tweeets"[0m
  ↳ app/views/tweeets/index.html.erb:14
  Rendered tweeets/index.html.erb within layouts/application (Duration: 16.4ms | Allocations: 1098)
[Webpacker] Everything's up-to-date. Nothing to do
  Rendered layout layouts/application.html.erb (Duration: 238.2ms | Allocations: 4749)
Completed 200 OK in 243ms (Views: 236.0ms | ActiveRecord: 4.6ms | Allocations: 5223)


Started GET "/tweeets/new" for ::1 at 2021-10-05 20:37:56 +0200
Processing by TweeetsController#new as HTML
  Rendering layout layouts/application.html.erb
  Rendering tweeets/new.html.erb within layouts/application
  Rendered tweeets/_form.html.erb (Duration: 308.2ms | Allocations: 4113)
  Rendered tweeets/new.html.erb within layouts/application (Duration: 334.8ms | Allocations: 4559)
[Webpacker] Everything's up-to-date. Nothing to do
  Rendered layout layouts/application.html.erb (Duration: 513.4ms | Allocations: 8213)
Completed 200 OK in 542ms (Views: 517.9ms | ActiveRecord: 0.0ms | Allocations: 8869)


Started POST "/tweeets" for ::1 at 2021-10-05 20:38:00 +0200
Processing by TweeetsController#create as HTML
  Parameters: {"authenticity_token"=>"[FILTERED]", "tweeet"=>{"tweeet"=>"ssss"}, "commit"=>"Create Tweeet"}
  [1m[36mTRANSACTION (2.1ms)[0m  [1m[35mBEGIN[0m
  ↳ app/controllers/tweeets_controller.rb:27:in `block in create'
  [1m[36mTweeet Create (39.7ms)[0m  [1m[32mINSERT INTO "tweeets" ("tweeet", "created_at", "updated_at") VALUES ($1, $2, $3) RETURNING "id"[0m  [["tweeet", "ssss"], ["created_at", "2021-10-05 18:38:00.576573"], ["updated_at", "2021-10-05 18:38:00.576573"]]
  ↳ app/controllers/tweeets_controller.rb:27:in `block in create'
  [1m[36mTRANSACTION (34.6ms)[0m  [1m[35mCOMMIT[0m
  ↳ app/controllers/tweeets_controller.rb:27:in `block in create'
Redirected to http://localhost:3000/tweeets/3
Completed 302 Found in 94ms (ActiveRecord: 76.5ms | Allocations: 3434)


Started GET "/tweeets/3" for ::1 at 2021-10-05 20:38:00 +0200
Processing by TweeetsController#show as HTML
  Parameters: {"id"=>"3"}
  [1m[36mTweeet Load (1.8ms)[0m  [1m[34mSELECT "tweeets".* FROM "tweeets" WHERE "tweeets"."id" = $1 LIMIT $2[0m  [["id", 3], ["LIMIT", 1]]
  ↳ app/controllers/tweeets_controller.rb:62:in `set_tweeet'
  Rendering layout layouts/application.html.erb
  Rendering tweeets/show.html.erb within layouts/application
  Rendered tweeets/show.html.erb within layouts/application (Duration: 6.4ms | Allocations: 213)
[Webpacker] Everything's up-to-date. Nothing to do
  Rendered layout layouts/application.html.erb (Duration: 164.5ms | Allocations: 3866)
Completed 200 OK in 200ms (Views: 166.9ms | ActiveRecord: 3.7ms | Allocations: 5893)


Started GET "/tweeets/3" for ::1 at 2021-10-05 20:40:11 +0200
Processing by TweeetsController#show as HTML
  Parameters: {"id"=>"3"}
  [1m[36mTweeet Load (2.6ms)[0m  [1m[34mSELECT "tweeets".* FROM "tweeets" WHERE "tweeets"."id" = $1 LIMIT $2[0m  [["id", 3], ["LIMIT", 1]]
  ↳ app/controllers/tweeets_controller.rb:62:in `set_tweeet'
  Rendering layout layouts/application.html.erb
  Rendering tweeets/show.html.erb within layouts/application
  Rendered tweeets/show.html.erb within layouts/application (Duration: 1.0ms | Allocations: 73)
[Webpacker] Everything's up-to-date. Nothing to do
  Rendered layout layouts/application.html.erb (Duration: 397.6ms | Allocations: 3722)
Completed 200 OK in 421ms (Views: 401.3ms | ActiveRecord: 2.6ms | Allocations: 4887)


Started GET "/tweeets/3" for ::1 at 2021-10-05 20:43:14 +0200
Processing by TweeetsController#show as HTML
  Parameters: {"id"=>"3"}
  [1m[36mTweeet Load (2.3ms)[0m  [1m[34mSELECT "tweeets".* FROM "tweeets" WHERE "tweeets"."id" = $1 LIMIT $2[0m  [["id", 3], ["LIMIT", 1]]
  ↳ app/controllers/tweeets_controller.rb:62:in `set_tweeet'
  Rendering layout layouts/application.html.erb
  Rendering tweeets/show.html.erb within layouts/application
  Rendered tweeets/show.html.erb within layouts/application (Duration: 3.1ms | Allocations: 73)
[Webpacker] Everything's up-to-date. Nothing to do
  Rendered layout layouts/application.html.erb (Duration: 327.5ms | Allocations: 3736)
Completed 200 OK in 368ms (Views: 329.9ms | ActiveRecord: 2.3ms | Allocations: 4903)


Started GET "/tweeets/new" for ::1 at 2021-10-05 20:43:18 +0200
Processing by TweeetsController#new as HTML
  Rendering layout layouts/application.html.erb
  Rendering tweeets/new.html.erb within layouts/application
  Rendered tweeets/_form.html.erb (Duration: 2.6ms | Allocations: 465)
  Rendered tweeets/new.html.erb within layouts/application (Duration: 4.1ms | Allocations: 579)
[Webpacker] Everything's up-to-date. Nothing to do
  Rendered layout layouts/application.html.erb (Duration: 244.3ms | Allocations: 4240)
Completed 200 OK in 247ms (Views: 246.0ms | ActiveRecord: 0.0ms | Allocations: 4712)


Started GET "/" for ::1 at 2021-10-05 20:43:55 +0200
  [1m[35m (2.0ms)[0m  [1m[34mSELECT "schema_migrations"."version" FROM "schema_migrations" ORDER BY "schema_migrations"."version" ASC[0m
Processing by TweeetsController#index as HTML
  Rendering layout layouts/application.html.erb
  Rendering tweeets/index.html.erb within layouts/application
  [1m[36mTweeet Load (2.1ms)[0m  [1m[34mSELECT "tweeets".* FROM "tweeets"[0m
  ↳ app/views/tweeets/index.html.erb:14
  Rendered tweeets/index.html.erb within layouts/application (Duration: 34.3ms | Allocations: 5579)
[Webpacker] Everything's up-to-date. Nothing to do
  Rendered layout layouts/application.html.erb (Duration: 401.2ms | Allocations: 14337)
Completed 200 OK in 505ms (Views: 416.2ms | ActiveRecord: 13.5ms | Allocations: 19116)


Started GET "/" for ::1 at 2021-10-05 20:43:56 +0200
Processing by TweeetsController#index as HTML
  Rendering layout layouts/application.html.erb
  Rendering tweeets/index.html.erb within layouts/application
  [1m[36mTweeet Load (10.4ms)[0m  [1m[34mSELECT "tweeets".* FROM "tweeets"[0m
  ↳ app/views/tweeets/index.html.erb:14
  Rendered tweeets/index.html.erb within layouts/application (Duration: 18.4ms | Allocations: 1201)
[Webpacker] Everything's up-to-date. Nothing to do
  Rendered layout layouts/application.html.erb (Duration: 218.9ms | Allocations: 4864)
Completed 200 OK in 223ms (Views: 210.8ms | ActiveRecord: 10.4ms | Allocations: 5337)


Started GET "/" for ::1 at 2021-10-05 20:43:59 +0200
Processing by TweeetsController#index as HTML
  Rendering layout layouts/application.html.erb
  Rendering tweeets/index.html.erb within layouts/application
  [1m[36mTweeet Load (1.3ms)[0m  [1m[34mSELECT "tweeets".* FROM "tweeets"[0m
  ↳ app/views/tweeets/index.html.erb:14
  Rendered tweeets/index.html.erb within layouts/application (Duration: 7.5ms | Allocations: 1193)
[Webpacker] Everything's up-to-date. Nothing to do
  Rendered layout layouts/application.html.erb (Duration: 163.8ms | Allocations: 4840)
Completed 200 OK in 167ms (Views: 164.5ms | ActiveRecord: 1.3ms | Allocations: 5305)


Started GET "/" for ::1 at 2021-10-05 20:45:07 +0200
Processing by TweeetsController#index as HTML
  Rendering layout layouts/application.html.erb
  Rendering tweeets/index.html.erb within layouts/application
  [1m[36mTweeet Load (1.5ms)[0m  [1m[34mSELECT "tweeets".* FROM "tweeets"[0m
  ↳ app/views/tweeets/index.html.erb:14
  Rendered tweeets/index.html.erb within layouts/application (Duration: 12.4ms | Allocations: 1200)
[Webpacker] Everything's up-to-date. Nothing to do
  Rendered layout layouts/application.html.erb (Duration: 19514.9ms | Allocations: 116982)
Completed 200 OK in 19521ms (Views: 19517.4ms | ActiveRecord: 1.5ms | Allocations: 118624)


Started GET "/" for ::1 at 2021-10-05 20:46:02 +0200
  [1m[35m (2.1ms)[0m  [1m[34mSELECT "schema_migrations"."version" FROM "schema_migrations" ORDER BY "schema_migrations"."version" ASC[0m
Processing by TweeetsController#index as HTML
  Rendering layout layouts/application.html.erb
  Rendering tweeets/index.html.erb within layouts/application
  [1m[36mTweeet Load (2.1ms)[0m  [1m[34mSELECT "tweeets".* FROM "tweeets"[0m
  ↳ app/views/tweeets/index.html.erb:14
  Rendered tweeets/index.html.erb within layouts/application (Duration: 37.1ms | Allocations: 5556)
[Webpacker] Everything's up-to-date. Nothing to do
  Rendered layout layouts/application.html.erb (Duration: 1219.1ms | Allocations: 19005)
Completed 200 OK in 1314ms (Views: 1234.3ms | ActiveRecord: 12.4ms | Allocations: 23980)


Started GET "/" for ::1 at 2021-10-05 20:51:32 +0200
Processing by TweeetsController#index as HTML
  Rendering layout layouts/application.html.erb
  Rendering tweeets/index.html.erb within layouts/application
  [1m[36mTweeet Load (3.1ms)[0m  [1m[34mSELECT "tweeets".* FROM "tweeets"[0m
  ↳ app/views/tweeets/index.html.erb:14
  Rendered tweeets/index.html.erb within layouts/application (Duration: 15.4ms | Allocations: 1201)
[Webpacker] Everything's up-to-date. Nothing to do
  Rendered layout layouts/application.html.erb (Duration: 15453.8ms | Allocations: 111812)
Completed 200 OK in 15460ms (Views: 15454.0ms | ActiveRecord: 3.1ms | Allocations: 112286)


Started GET "/" for ::1 at 2021-10-05 20:52:04 +0200
Processing by TweeetsController#index as HTML
  Rendering layout layouts/application.html.erb
  Rendering tweeets/index.html.erb within layouts/application
  [1m[36mTweeet Load (1.7ms)[0m  [1m[34mSELECT "tweeets".* FROM "tweeets"[0m
  ↳ app/views/tweeets/index.html.erb:14
  Rendered tweeets/index.html.erb within layouts/application (Duration: 11.4ms | Allocations: 1193)
[Webpacker] Everything's up-to-date. Nothing to do
  Rendered layout layouts/application.html.erb (Duration: 14685.1ms | Allocations: 114559)
Completed 200 OK in 14689ms (Views: 14685.6ms | ActiveRecord: 1.7ms | Allocations: 115020)


Started GET "/" for ::1 at 2021-10-05 20:52:38 +0200
Processing by TweeetsController#index as HTML
  Rendering layout layouts/application.html.erb
  Rendering tweeets/index.html.erb within layouts/application
  [1m[36mTweeet Load (2.5ms)[0m  [1m[34mSELECT "tweeets".* FROM "tweeets"[0m
  ↳ app/views/tweeets/index.html.erb:14
  Rendered tweeets/index.html.erb within layouts/application (Duration: 13.3ms | Allocations: 1200)
[Webpacker] Everything's up-to-date. Nothing to do
  Rendered layout layouts/application.html.erb (Duration: 15066.1ms | Allocations: 114561)
Completed 200 OK in 15070ms (Views: 15066.1ms | ActiveRecord: 2.5ms | Allocations: 115032)


Started GET "/" for ::1 at 2021-10-05 20:52:56 +0200
Processing by TweeetsController#index as HTML
  Rendering layout layouts/application.html.erb
  Rendering tweeets/index.html.erb within layouts/application
  [1m[36mTweeet Load (2.6ms)[0m  [1m[34mSELECT "tweeets".* FROM "tweeets"[0m
  ↳ app/views/tweeets/index.html.erb:14
  Rendered tweeets/index.html.erb within layouts/application (Duration: 11.1ms | Allocations: 1200)
[Webpacker] Everything's up-to-date. Nothing to do
  Rendered layout layouts/application.html.erb (Duration: 238.8ms | Allocations: 5229)
Completed 200 OK in 245ms (Views: 240.4ms | ActiveRecord: 2.6ms | Allocations: 5702)


Started GET "/tweeets/1" for ::1 at 2021-10-05 20:52:58 +0200
Processing by TweeetsController#show as HTML
  Parameters: {"id"=>"1"}
  [1m[36mTweeet Load (2.3ms)[0m  [1m[34mSELECT "tweeets".* FROM "tweeets" WHERE "tweeets"."id" = $1 LIMIT $2[0m  [["id", 1], ["LIMIT", 1]]
  ↳ app/controllers/tweeets_controller.rb:62:in `set_tweeet'
  Rendering layout layouts/application.html.erb
  Rendering tweeets/show.html.erb within layouts/application
  Rendered tweeets/show.html.erb within layouts/application (Duration: 7.6ms | Allocations: 217)
[Webpacker] Everything's up-to-date. Nothing to do
  Rendered layout layouts/application.html.erb (Duration: 275.9ms | Allocations: 4193)
Completed 200 OK in 458ms (Views: 278.3ms | ActiveRecord: 4.3ms | Allocations: 8924)


